{"time":"2026-04-11T19:22:34+08:00","event":"order_placed","recipient":"jeditinghousesl@gmail.com","message":"SMTP error: 501 Could not decode user and password for AUTH LOGIN"}
{"time":"2026-04-11T19:22:35+08:00","event":"order_placed","recipient":"info@style1.lk","message":"SMTP error: 501 Could not decode user and password for AUTH LOGIN"}
{"time":"2026-05-05T10:10:47+02:00","event":"order_placed","recipient":"asseminate@gmail.com","message":"SMTP error: 501 Could not decode user and password for AUTH LOGIN"}
{"time":"2026-05-05T10:10:49+02:00","event":"order_placed","recipient":"jeditinghousesl@gmail.com","message":"SMTP error: 501 Could not decode user and password for AUTH LOGIN"}
{"time":"2026-05-17T06:51:56+02:00","event":"order_placed","recipient":"asseminate@gmail.com","message":"SMTP error: 501 Could not decode user and password for AUTH LOGIN"}
{"time":"2026-05-17T06:51:59+02:00","event":"order_placed","recipient":"jeditinghousesl@gmail.com","message":"SMTP error: 501 Could not decode user and password for AUTH LOGIN"}
{"time":"2026-05-17T05:57:54+01:00","event":"order_placed","recipient":"sf@sf.sdf","message":"SMTP error: 501 Could not decode user and password for AUTH LOGIN"}
{"time":"2026-05-17T05:57:54+01:00","event":"order_placed","recipient":"jeditinghousesl@gmail.com","message":"SMTP error: 501 Could not decode user and password for AUTH LOGIN"}
{"time":"2026-05-17T05:58:04+01:00","event":"order_placed","recipient":"sf@sf.sdf","message":"SMTP error: 501 Could not decode user and password for AUTH LOGIN"}
{"time":"2026-05-17T05:58:04+01:00","event":"order_placed","recipient":"jeditinghousesl@gmail.com","message":"SMTP error: 501 Could not decode user and password for AUTH LOGIN"}
{"time":"2026-05-17T05:58:20+01:00","event":"order_placed","recipient":"sf@sf.sdf","message":"SMTP error: 501 Could not decode user and password for AUTH LOGIN"}
{"time":"2026-05-17T05:58:20+01:00","event":"order_placed","recipient":"jeditinghousesl@gmail.com","message":"SMTP error: 501 Could not decode user and password for AUTH LOGIN"}
{"time":"2026-05-17T05:58:37+01:00","event":"order_placed","recipient":"sf@sf.sdf","message":"SMTP error: 501 Could not decode user and password for AUTH LOGIN"}
{"time":"2026-05-17T05:58:37+01:00","event":"order_placed","recipient":"jeditinghousesl@gmail.com","message":"SMTP error: 501 Could not decode user and password for AUTH LOGIN"}
{"time":"2026-05-17T06:02:33+01:00","event":"order_placed","recipient":"sf@sf.sdf","message":"SMTP error: 501 Could not decode user and password for AUTH LOGIN"}
{"time":"2026-05-17T06:02:34+01:00","event":"order_placed","recipient":"jeditinghousesl@gmail.com","message":"SMTP error: 501 Could not decode user and password for AUTH LOGIN"}
{"time":"2026-05-17T06:06:03+01:00","event":"order_placed","recipient":"pathumkanchana.69@gmail.com","message":"SMTP error: 501 Could not decode user and password for AUTH LOGIN"}
{"time":"2026-05-17T06:06:04+01:00","event":"order_placed","recipient":"jeditinghousesl@gmail.com","message":"SMTP error: 501 Could not decode user and password for AUTH LOGIN"}
{"time":"2026-05-17T06:06:34+01:00","event":"order_placed","recipient":"pathumkanchana.69@gmail.com","message":"SMTP error: 501 Could not decode user and password for AUTH LOGIN"}
{"time":"2026-05-17T06:06:34+01:00","event":"order_placed","recipient":"jeditinghousesl@gmail.com","message":"SMTP error: 501 Could not decode user and password for AUTH LOGIN"}
{"time":"2026-05-17T06:08:40+01:00","event":"order_placed","recipient":"pathumkanchana.69@gmail.com","message":"SMTP error: 501 Could not decode user and password for AUTH LOGIN"}
{"time":"2026-05-17T06:08:40+01:00","event":"order_placed","recipient":"jeditinghousesl@gmail.com","message":"SMTP error: 501 Could not decode user and password for AUTH LOGIN"}
{"time":"2026-05-17T06:13:44+01:00","event":"order_placed","recipient":"pathumkanchana.69@gmail.com","message":"SMTP error: 501 Could not decode user and password for AUTH LOGIN"}
{"time":"2026-05-17T06:13:44+01:00","event":"order_placed","recipient":"jeditinghousesl@gmail.com","message":"SMTP error: 501 Could not decode user and password for AUTH LOGIN"}
{"time":"2026-05-17T06:15:25+01:00","event":"order_placed","recipient":"pathumkanchana.69@gmail.com","message":"SMTP error: 501 Could not decode user and password for AUTH LOGIN"}
{"time":"2026-05-17T06:15:26+01:00","event":"order_placed","recipient":"jeditinghousesl@gmail.com","message":"SMTP error: 501 Could not decode user and password for AUTH LOGIN"}
{"time":"2026-05-17T08:36:30+01:00","event":"order_placed","recipient":"pathumkanchana.69@gmail.com","message":"SMTP error: 501 Could not decode user and password for AUTH LOGIN"}
{"time":"2026-05-17T08:36:30+01:00","event":"order_placed","recipient":"jeditinghousesl@gmail.com","message":"SMTP error: 501 Could not decode user and password for AUTH LOGIN"}
{"time":"2026-05-17T19:16:14+01:00","event":"order_placed","recipient":"pathumkanchana.69@gmail.com","message":"SMTP error: 501 Could not decode user and password for AUTH LOGIN"}
{"time":"2026-05-17T19:16:14+01:00","event":"order_placed","recipient":"jeditinghousesl@gmail.com","message":"SMTP error: 501 Could not decode user and password for AUTH LOGIN"}
{"time":"2026-05-17T20:51:28+01:00","event":"order_placed","recipient":"pathumkanchana.69@gmail.com","message":"SMTP error: 501 Could not decode user and password for AUTH LOGIN"}
{"time":"2026-05-17T20:51:28+01:00","event":"order_placed","recipient":"jeditinghousesl@gmail.com","message":"SMTP error: 501 Could not decode user and password for AUTH LOGIN"}
{"time":"2026-05-17T20:55:37+01:00","event":"order_placed","recipient":"pathumkanchana.69@gmail.com","message":"SMTP error: 501 Could not decode user and password for AUTH LOGIN"}
{"time":"2026-05-17T20:55:37+01:00","event":"order_placed","recipient":"jeditinghousesl@gmail.com","message":"SMTP error: 501 Could not decode user and password for AUTH LOGIN"}
{"time":"2026-05-19T07:10:21+02:00","event":"order_placed","recipient":"asseminate@gmqil.com","message":"SMTP error: 501 Could not decode user and password for AUTH LOGIN"}
{"time":"2026-05-19T07:10:23+02:00","event":"order_placed","recipient":"jeditinghousesl@gmail.com","message":"SMTP error: 501 Could not decode user and password for AUTH LOGIN"}
