{"time":"2026-03-28T08:53:01+00:00","event":"order_placed","status":"customer_skipped_not_configured","order_id":118}
{"time":"2026-04-11T19:22:35+08:00","event":"order_placed","status":"customer_skipped_not_configured","order_id":119}
{"time":"2026-04-11T19:23:38+08:00","event":"order_placed","status":"customer_skipped_not_configured","order_id":120}
{"time":"2026-04-11T19:33:33+08:00","event":"order_placed","status":"customer_skipped_not_configured","order_id":121}
{"time":"2026-04-11T19:51:27+08:00","event":"order_placed","status":"customer_skipped_not_configured","order_id":122}
{"time":"2026-04-11T19:53:42+08:00","event":"order_placed","status":"customer_skipped_not_configured","order_id":123}
{"time":"2026-04-11T19:53:55+08:00","event":"order_placed","status":"customer_skipped_not_configured","order_id":124}
{"time":"2026-04-11T19:54:08+08:00","event":"order_placed","status":"customer_skipped_not_configured","order_id":125}
{"time":"2026-04-11T19:54:27+08:00","event":"order_placed","status":"customer_skipped_not_configured","order_id":126}
{"time":"2026-04-11T19:54:46+08:00","event":"order_placed","status":"customer_skipped_not_configured","order_id":127}
{"time":"2026-04-11T19:56:38+08:00","event":"order_placed","status":"customer_skipped_not_configured","order_id":128}
{"time":"2026-04-11T19:56:50+08:00","event":"payment_completed","status":"customer_skipped_not_configured","order_id":128}
{"time":"2026-04-11T19:57:20+08:00","event":"order_completed","status":"customer_skipped_not_configured","order_id":128}
{"time":"2026-04-11T19:58:15+08:00","event":"order_placed","status":"customer_skipped_not_configured","order_id":129}
{"time":"2026-04-11T20:00:18+08:00","event":"order_placed","status":"customer_skipped_not_configured","order_id":130}
{"time":"2026-04-11T20:00:30+08:00","event":"order_placed","status":"customer_skipped_not_configured","order_id":131}
{"time":"2026-04-11T20:03:12+08:00","event":"order_placed","status":"customer_skipped_not_configured","order_id":132}
{"time":"2026-04-11T20:03:24+08:00","event":"order_placed","status":"customer_skipped_not_configured","order_id":133}
{"time":"2026-04-21T10:39:56+00:00","event":"order_placed","status":"customer_skipped_not_configured","order_id":134}
{"time":"2026-04-21T10:41:23+00:00","event":"order_placed","status":"customer_skipped_not_configured","order_id":135}
{"time":"2026-04-21T10:42:11+00:00","event":"order_completed","status":"customer_skipped_not_configured","order_id":134}
{"time":"2026-04-21T10:42:51+00:00","event":"payment_received","status":"customer_skipped_not_configured","order_id":134}
{"time":"2026-04-21T10:43:13+00:00","event":"order_cancelled","status":"customer_skipped_not_configured","order_id":134}
{"time":"2026-04-21T11:39:40+00:00","event":"order_placed","status":"customer_skipped_not_configured","order_id":136}
{"time":"2026-04-21T11:42:13+00:00","event":"order_completed","status":"customer_skipped_not_configured","order_id":136}
{"time":"2026-04-21T11:43:33+00:00","event":"payment_received","status":"customer_skipped_not_configured","order_id":136}
{"time":"2026-05-05T10:10:49+02:00","event":"order_placed","status":"customer_skipped_not_configured","order_id":137}
{"time":"2026-05-05T10:15:51+02:00","event":"payment_received","status":"customer_skipped_not_configured","order_id":137}
{"time":"2026-05-05T11:03:22+02:00","event":"order_placed","status":"customer_skipped_not_configured","order_id":138}
